<?xml version="1.0" encoding="UTF-8"?>
<!-- Generated by org.testng.reporters.JUnitXMLReporter -->
<testsuite ignored="0" hostname="CMD5CD93016TZ" failures="0" tests="4" name="Test" time="16.599" errors="0" timestamp="2022-04-09T09:41:06 BST">
  <testcase classname="tests.LoginTest" name="@BeforeMethod openApplication" time="16.394">
    <failure type="org.openqa.selenium.SessionNotCreatedException" message="session not created: This version of ChromeDriver only supports Chrome version 100
Current browser version is 99.0.4844.74 with binary path C:\Program Files (x86)\Google\Chrome\Application\chrome.exe
Build info: version: &amp;apos;3.141.59&amp;apos;, revision: &amp;apos;e82be7d358&amp;apos;, time: &amp;apos;2018-11-14T08:17:03&amp;apos;
System info: host: &amp;apos;CMD5CD93016TZ&amp;apos;, ip: &amp;apos;192.168.1.14&amp;apos;, os.name: &amp;apos;Windows 10&amp;apos;, os.arch: &amp;apos;amd64&amp;apos;, os.version: &amp;apos;10.0&amp;apos;, java.version: &amp;apos;17.0.1&amp;apos;
Driver info: driver.version: ChromeDriver
remote stacktrace: Backtrace:
	Ordinal0 [0x01027413+2389011]
	Ordinal0 [0x00FB9F61+1941345]
	Ordinal0 [0x00EAC658+837208]
	Ordinal0 [0x00ECC773+968563]
	Ordinal0 [0x00EC837A+951162]
	Ordinal0 [0x00EC5C51+941137]
	Ordinal0 [0x00EF8C80+1150080]
	Ordinal0 [0x00EF88DA+1149146]
	Ordinal0 [0x00EF3F66+1130342]
	Ordinal0 [0x00ECE546+976198]
	Ordinal0 [0x00ECF456+980054]
	GetHandleVerifier [0x011D9632+1727522]
	GetHandleVerifier [0x0128BA4D+2457661]
	GetHandleVerifier [0x010BEB81+569713]
	GetHandleVerifier [0x010BDD76+566118]
	Ordinal0 [0x00FC0B2B+1968939]
	Ordinal0 [0x00FC5988+1989000]
	Ordinal0 [0x00FC5A75+1989237]
	Ordinal0 [0x00FCECB1+2026673]
	BaseThreadInitThunk [0x771AFA29+25]
	RtlGetAppContainerNamedObjectPath [0x77E07A7E+286]
	RtlGetAppContainerNamedObjectPath [0x77E07A4E+238]
">
      <![CDATA[org.openqa.selenium.SessionNotCreatedException: session not created: This version of ChromeDriver only supports Chrome version 100
Current browser version is 99.0.4844.74 with binary path C:\Program Files (x86)\Google\Chrome\Application\chrome.exe
Build info: version: '3.141.59', revision: 'e82be7d358', time: '2018-11-14T08:17:03'
System info: host: 'CMD5CD93016TZ', ip: '192.168.1.14', os.name: 'Windows 10', os.arch: 'amd64', os.version: '10.0', java.version: '17.0.1'
Driver info: driver.version: ChromeDriver
remote stacktrace: Backtrace:
Ordinal0 [0x01027413+2389011]
Ordinal0 [0x00FB9F61+1941345]
Ordinal0 [0x00EAC658+837208]
Ordinal0 [0x00ECC773+968563]
Ordinal0 [0x00EC837A+951162]
Ordinal0 [0x00EC5C51+941137]
Ordinal0 [0x00EF8C80+1150080]
Ordinal0 [0x00EF88DA+1149146]
Ordinal0 [0x00EF3F66+1130342]
Ordinal0 [0x00ECE546+976198]
Ordinal0 [0x00ECF456+980054]
GetHandleVerifier [0x011D9632+1727522]
GetHandleVerifier [0x0128BA4D+2457661]
GetHandleVerifier [0x010BEB81+569713]
GetHandleVerifier [0x010BDD76+566118]
Ordinal0 [0x00FC0B2B+1968939]
Ordinal0 [0x00FC5988+1989000]
Ordinal0 [0x00FC5A75+1989237]
Ordinal0 [0x00FCECB1+2026673]
BaseThreadInitThunk [0x771AFA29+25]
RtlGetAppContainerNamedObjectPath [0x77E07A7E+286]
RtlGetAppContainerNamedObjectPath [0x77E07A4E+238]

at org.openqa.selenium.remote.W3CHandshakeResponse.lambda$errorHandler$0(W3CHandshakeResponse.java:62)
at org.openqa.selenium.remote.HandshakeResponse.lambda$getResponseFunction$0(HandshakeResponse.java:30)
at org.openqa.selenium.remote.ProtocolHandshake.lambda$createSession$0(ProtocolHandshake.java:126)
at java.base/java.util.stream.ReferencePipeline$3$1.accept(ReferencePipeline.java:197)
at java.base/java.util.Spliterators$ArraySpliterator.tryAdvance(Spliterators.java:1002)
at java.base/java.util.stream.ReferencePipeline.forEachWithCancel(ReferencePipeline.java:129)
at java.base/java.util.stream.AbstractPipeline.copyIntoWithCancel(AbstractPipeline.java:527)
at java.base/java.util.stream.AbstractPipeline.copyInto(AbstractPipeline.java:513)
at java.base/java.util.stream.AbstractPipeline.wrapAndCopyInto(AbstractPipeline.java:499)
at java.base/java.util.stream.FindOps$FindOp.evaluateSequential(FindOps.java:150)
at java.base/java.util.stream.AbstractPipeline.evaluate(AbstractPipeline.java:234)
at java.base/java.util.stream.ReferencePipeline.findFirst(ReferencePipeline.java:647)
at org.openqa.selenium.remote.ProtocolHandshake.createSession(ProtocolHandshake.java:128)
at org.openqa.selenium.remote.ProtocolHandshake.createSession(ProtocolHandshake.java:74)
at org.openqa.selenium.remote.HttpCommandExecutor.execute(HttpCommandExecutor.java:136)
at org.openqa.selenium.remote.service.DriverCommandExecutor.execute(DriverCommandExecutor.java:83)
at org.openqa.selenium.remote.RemoteWebDriver.execute(RemoteWebDriver.java:552)
at org.openqa.selenium.remote.RemoteWebDriver.startSession(RemoteWebDriver.java:213)
at org.openqa.selenium.remote.RemoteWebDriver.<init>(RemoteWebDriver.java:131)
at org.openqa.selenium.chrome.ChromeDriver.<init>(ChromeDriver.java:181)
at org.openqa.selenium.chrome.ChromeDriver.<init>(ChromeDriver.java:168)
at org.openqa.selenium.chrome.ChromeDriver.<init>(ChromeDriver.java:123)
at resources.Base.initializeDriver(Base.java:30)
at tests.LoginTest.openApplication(LoginTest.java:64)
at java.base/java.util.ArrayList.forEach(ArrayList.java:1511)
... Removed 36 stack frames]]>
    </failure>
  </testcase> <!-- @BeforeMethod openApplication -->
  <testcase classname="tests.LoginTest" name="@AfterMethod closure" time="-1.649493665935E9">
    <skipped/>
  </testcase> <!-- @AfterMethod closure -->
  <testcase classname="tests.FourTest" name="fourTest" time="0.024"/>
  <testcase classname="tests.TwoTest" name="twoTest" time="0.003"/>
  <testcase classname="tests.LoginTest" name="login" time="0.0">
    <skipped/>
  </testcase> <!-- login -->
  <testcase classname="tests.ThreeTest" name="threeTest" time="0.003"/>
</testsuite> <!-- Test -->
